#####################################################################
###  RESONANT COLUMN/TORTIONAL SHEAR TESTING RESULTS              ###
#####################################################################
--------------------------------------------------------
  ### TESTING INFORMATION ###
--------------------------------------------------------
Project Name :  
Performer : 
Sample name  : 
Date                : 2008/11/26 오후 1:08:13
--------------------------------------------------------
### SAMPLE DIMENSIONS & CONFINING PRESSURE ###
--------------------------------------------------------
Sample height       : 100.00 mm
Sample diameter    : 50.00 mm
Sample weight       : 300.00 g
Confining pressure : 0 kPa
--------------------------------------------------------
       ### THE SYSTEM SETTING STATUS  ###
--------------------------------------------------------
Accelerometer sensitivity                       : 0.4900 V/g
Accelerometer gain                               : X 1
Mass polar moment inertia of drive plate : 2.996E+6 g-mm2
Location of accelerometer                      : 53.000 mm
Mass polar moment inertia of topcap      : 6.198E+4 g-mm2
Twisting angle calibration factor             : 2.670E-3 rad/V
Torque calibration factor                        : 1.645E-1 mm
Low-pass filter #1 gain                          : 2.8981 
Low-pass filter #2 gain                          : 0.9913 
Mass polar moment inertia of target        : 1.842E+4 g-mm2
--------------------------------------------------------
File :C:\Documents and Settings\지반동역학연구실\바탕 화면\builds\Savefile\ReTo081126.out

----------------------------------------------------------------
   ### TORTIONAL SHEAR TEST RESULTS ###
----------------------------------------------------------------
Tortional shear test_No. 1
Cell pressure : 0.0 kPa
Waveform Type is : Sine Wave
Excitation voltage : 0.10 Vp
Loading frequency : 0.50Hz
# of loading cycles : 10 cycles
Sampling rate : 75.00 Hz
----------------------------------------------------------------
Column 1 : Shear Strain(%)
Column 2 : Shear Modulus(MPa)
Column 3 : Damping Ratio(%)
1.8905E-3	2.9400E+1	3.3426E-1
1.8934E-3	2.9355E+1	3.9314E-1
1.8963E-3	2.9355E+1	-2.2174E-1
1.8905E-3	2.9310E+1	-9.0114E-2
1.8876E-3	2.9490E+1	-1.7029E-2
1.8934E-3	2.9221E+1	2.6939E-2
1.8847E-3	2.9445E+1	-1.9809E-2
1.8847E-3	2.9400E+1	-2.8721E-3
1.8934E-3	2.9310E+1	-9.2937E-2
1.8934E-3	2.9355E+1	  NaN

----------------------------------------------------------------
   ### TORTIONAL SHEAR TEST RESULTS ###
----------------------------------------------------------------
Tortional shear test_No. 2
Cell pressure : 0.0 kPa
Waveform Type is : Sine Wave
Excitation voltage : 0.10 Vp
Loading frequency : 0.50Hz
# of loading cycles : 50 cycles
Sampling rate : 75.00 Hz
----------------------------------------------------------------
Column 1 : Shear Strain(%)
Column 2 : Shear Modulus(MPa)
Column 3 : Damping Ratio(%)
1.8819E-3	2.9580E+1	4.5537E-1
1.8819E-3	2.9580E+1	5.1035E-1
1.8819E-3	2.9535E+1	-1.1999E-1
1.8934E-3	2.9310E+1	-1.9712E-2
1.8905E-3	2.9400E+1	-6.8018E-2
1.8876E-3	2.9400E+1	-1.3026E-1
1.8905E-3	2.9310E+1	-1.0902E-1
1.8876E-3	2.9355E+1	-7.5902E-2
1.8876E-3	2.9490E+1	-9.3108E-2
1.8905E-3	2.9355E+1	-8.2175E-2
1.8934E-3	2.9266E+1	-4.4449E-2
1.8876E-3	2.9400E+1	2.0008E-2
1.8847E-3	2.9445E+1	-2.9545E-2
1.8934E-3	2.9355E+1	-1.7626E-1
1.8876E-3	2.9400E+1	-6.1854E-2
1.8847E-3	2.9445E+1	-1.1969E-2
1.8934E-3	2.9266E+1	-6.4721E-2
1.8934E-3	2.9444E+1	-2.0215E-1
1.8905E-3	2.9400E+1	-1.1084E-1
1.8934E-3	2.9355E+1	-1.3671E-1
1.8934E-3	2.9355E+1	-9.2400E-2
1.8876E-3	2.9400E+1	-7.7192E-2
1.8876E-3	2.9310E+1	-8.5329E-2
1.8934E-3	2.9176E+1	-1.2379E-1
1.9020E-3	2.9044E+1	-2.4470E-1
1.8905E-3	2.9310E+1	-9.3388E-2
1.8963E-3	2.9221E+1	-8.7469E-2
1.8905E-3	2.9355E+1	-7.7030E-2
1.8905E-3	2.9266E+1	-2.0058E-2
1.8934E-3	2.9444E+1	-1.1074E-1
1.8934E-3	2.9400E+1	-8.5591E-2
1.8847E-3	2.9400E+1	-7.8356E-3
1.8934E-3	2.9400E+1	-1.9860E-1
1.8876E-3	2.9534E+1	-3.9346E-2
1.8963E-3	2.9310E+1	-1.2566E-1
1.8963E-3	2.9266E+1	-1.3942E-1
1.8876E-3	2.9310E+1	-1.2756E-1
1.8905E-3	2.9266E+1	-1.0616E-1
1.8905E-3	2.9400E+1	-2.1639E-1
1.8876E-3	2.9400E+1	-7.7673E-2
1.8847E-3	2.9535E+1	-6.2953E-2
1.8934E-3	2.9310E+1	-2.0274E-1
1.8934E-3	2.9355E+1	-8.9970E-2
1.8934E-3	2.9221E+1	-5.1043E-2
1.8847E-3	2.9490E+1	-1.1134E-1
1.8876E-3	2.9490E+1	6.2567E-2
1.8905E-3	2.9310E+1	-7.7887E-2
1.8905E-3	2.9400E+1	-1.1706E-1
1.8905E-3	2.9310E+1	-4.7806E-2
1.8934E-3	2.9176E+1	  NaN

----------------------------------------------------------------
   ### TORTIONAL SHEAR TEST RESULTS ###
----------------------------------------------------------------
Tortional shear test_No. 3
Cell pressure : 0.0 kPa
Waveform Type is : Sine Wave
Excitation voltage : 1.00 Vp
Loading frequency : 0.50Hz
# of loading cycles : 100 cycles
Sampling rate : 75.00 Hz
----------------------------------------------------------------
Column 1 : Shear Strain(%)
Column 2 : Shear Modulus(MPa)
Column 3 : Damping Ratio(%)
1.8873E-2	2.9364E+1	1.0021E+0
1.8879E-2	2.9355E+1	9.8541E-1
1.8882E-2	2.9351E+1	9.8249E-1
1.8885E-2	2.9351E+1	9.0882E-1
1.8873E-2	2.9369E+1	1.0036E+0
1.8885E-2	2.9351E+1	9.3181E-1
1.8882E-2	2.9351E+1	9.3463E-1
1.8876E-2	2.9373E+1	9.3000E-1
1.8873E-2	2.9360E+1	9.2878E-1
1.8876E-2	2.9377E+1	1.0014E+0
1.8876E-2	2.9373E+1	9.1804E-1
1.8885E-2	2.9346E+1	9.2615E-1
1.8882E-2	2.9355E+1	9.4161E-1
1.8865E-2	2.9377E+1	9.3805E-1
1.8870E-2	2.9373E+1	9.3641E-1
1.8879E-2	2.9351E+1	9.4222E-1
1.8870E-2	2.9377E+1	1.0017E+0
1.8879E-2	2.9369E+1	9.8802E-1
1.8882E-2	2.9360E+1	9.1240E-1
1.8876E-2	2.9369E+1	1.0058E+0
1.8882E-2	2.9346E+1	9.8401E-1
1.8888E-2	2.9337E+1	9.7760E-1
1.8885E-2	2.9351E+1	9.8997E-1
1.8876E-2	2.9355E+1	9.9036E-1
1.8870E-2	2.9360E+1	9.2359E-1
1.8870E-2	2.9373E+1	9.9403E-1
1.8885E-2	2.9346E+1	9.8871E-1
1.8893E-2	2.9342E+1	9.7721E-1
1.8876E-2	2.9360E+1	9.7700E-1
1.8885E-2	2.9355E+1	9.2606E-1
1.8876E-2	2.9360E+1	9.9410E-1
1.8891E-2	2.9346E+1	9.7849E-1
1.8882E-2	2.9364E+1	9.3757E-1
1.8882E-2	2.9360E+1	1.0023E+0
1.8882E-2	2.9355E+1	9.2063E-1
1.8870E-2	2.9373E+1	1.0047E+0
1.8885E-2	2.9355E+1	9.8393E-1
1.8882E-2	2.9342E+1	9.3622E-1
1.8879E-2	2.9360E+1	9.2153E-1
1.8865E-2	2.9382E+1	1.0055E+0
1.8888E-2	2.9337E+1	9.8183E-1
1.8876E-2	2.9360E+1	9.2252E-1
1.8879E-2	2.9351E+1	9.9943E-1
1.8888E-2	2.9351E+1	9.1096E-1
1.8882E-2	2.9355E+1	9.9839E-1
1.8888E-2	2.9346E+1	9.7831E-1
1.8891E-2	2.9337E+1	9.9259E-1
1.8876E-2	2.9355E+1	9.8824E-1
1.8882E-2	2.9351E+1	9.1510E-1
1.8879E-2	2.9355E+1	9.9566E-1
1.8876E-2	2.9377E+1	9.8892E-1
1.8876E-2	2.9351E+1	9.9287E-1
1.8885E-2	2.9351E+1	9.6710E-1
1.8888E-2	2.9351E+1	9.1938E-1
1.8870E-2	2.9373E+1	9.9169E-1
1.8891E-2	2.9342E+1	9.8697E-1
1.8882E-2	2.9351E+1	9.1080E-1
1.8873E-2	2.9360E+1	1.0045E+0
1.8876E-2	2.9364E+1	9.8407E-1
1.8891E-2	2.9333E+1	9.1141E-1
1.8865E-2	2.9373E+1	9.9841E-1
1.8870E-2	2.9369E+1	9.3517E-1
1.8870E-2	2.9382E+1	9.9907E-1
1.8879E-2	2.9364E+1	9.1892E-1
1.8873E-2	2.9364E+1	9.3453E-1
1.8873E-2	2.9369E+1	9.3731E-1
1.8870E-2	2.9373E+1	1.0030E+0
1.8876E-2	2.9369E+1	9.8723E-1
1.8882E-2	2.9360E+1	9.2215E-1
1.8882E-2	2.9355E+1	9.8811E-1
1.8873E-2	2.9382E+1	9.2161E-1
1.8879E-2	2.9364E+1	9.3005E-1
1.8867E-2	2.9373E+1	9.9843E-1
1.8891E-2	2.9333E+1	9.2163E-1
1.8876E-2	2.9373E+1	9.2866E-1
1.8882E-2	2.9351E+1	9.9332E-1
1.8891E-2	2.9337E+1	9.1238E-1
1.8879E-2	2.9355E+1	9.2881E-1
1.8867E-2	2.9377E+1	9.9898E-1
1.8891E-2	2.9337E+1	9.7883E-1
1.8879E-2	2.9360E+1	9.0947E-1
1.8879E-2	2.9360E+1	9.9499E-1
1.8879E-2	2.9351E+1	9.7161E-1
1.8879E-2	2.9351E+1	9.9513E-1
1.8888E-2	2.9346E+1	9.8473E-1
1.8885E-2	2.9346E+1	8.9915E-1
1.8876E-2	2.9373E+1	9.9484E-1
1.8879E-2	2.9360E+1	9.2884E-1
1.8867E-2	2.9373E+1	1.0074E+0
1.8885E-2	2.9355E+1	9.8178E-1
1.8885E-2	2.9364E+1	9.9055E-1
1.8885E-2	2.9346E+1	9.7652E-1
1.8876E-2	2.9360E+1	9.2494E-1
1.8873E-2	2.9373E+1	9.9607E-1
1.8891E-2	2.9342E+1	9.8045E-1
1.8885E-2	2.9351E+1	9.9078E-1
1.8882E-2	2.9360E+1	9.1494E-1
1.8879E-2	2.9355E+1	1.0071E+0
1.8891E-2	2.9333E+1	9.1071E-1
1.8879E-2	2.9346E+1	  NaN

